At time	5	process	1	started	arrive	5	total	8	remain	8	wait	0
At time	7	process	1	stopped	arrive	5	total	8	remain	5	wait	-1
At time	7	process	1	resumed	arrive	5	total	8	remain	5	wait	-1
At time	10	process	1	stopped	arrive	5	total	8	remain	2	wait	-1
At time	10	process	2	started	arrive	10	total	3	remain	3	wait	0
At time	13	process	2	finish	arrive	10	total	3	remain	0	wait	0	TA	3	WTA	1.00
At time	13	process	1	resumed	arrive	5	total	8	remain	2	wait	2
At time	15	process	1	finish	arrive	5	total	8	remain	0	wait	2	TA	10	WTA	1.25
At time	15	process	3	started	arrive	14	total	2	remain	2	wait	1
At time	17	process	3	finish	arrive	14	total	2	remain	0	wait	1	TA	3	WTA	1.50
At time	17	process	4	started	arrive	16	total	5	remain	5	wait	1
At time	20	process	4	stopped	arrive	16	total	5	remain	2	wait	1
At time	20	process	5	started	arrive	18	total	5	remain	5	wait	2
At time	23	process	5	stopped	arrive	18	total	5	remain	2	wait	2
At time	23	process	6	started	arrive	19	total	5	remain	5	wait	4
At time	26	process	6	stopped	arrive	19	total	5	remain	2	wait	4
At time	26	process	4	resumed	arrive	16	total	5	remain	2	wait	7
At time	28	process	4	finish	arrive	16	total	5	remain	0	wait	7	TA	12	WTA	2.40
At time	28	process	5	resumed	arrive	18	total	5	remain	2	wait	7
At time	30	process	5	finish	arrive	18	total	5	remain	0	wait	7	TA	12	WTA	2.40
At time	30	process	6	resumed	arrive	19	total	5	remain	2	wait	8
At time	32	process	6	finish	arrive	19	total	5	remain	0	wait	8	TA	13	WTA	2.60